<?xml version="1.0" encoding="UTF-8"?>
<!-- Generated by org.testng.reporters.JUnitXMLReporter -->
<testsuite hostname="m-C02S6BX4G8WN" name="Default test" tests="4" failures="0" timestamp="16 May 2019 15:21:05 GMT" time="0.033" errors="0">
  <testcase name="Div" time="0.011" classname="com.qa.tests.DemoTest"/>
  <testcase name="Multiply" time="0.002" classname="com.qa.tests.DemoTest"/>
  <testcase name="Sub" time="0.001" classname="com.qa.tests.DemoTest"/>
  <testcase name="Sum" time="0.001" classname="com.qa.tests.DemoTest"/>
</testsuite> <!-- Default test -->
