<?xml version="1.0" encoding="UTF-8"?>
<!-- Generated by org.testng.reporters.JUnitXMLReporter -->
<testsuite hostname="m-C02S6BX4G8WN" name="Test" tests="12" failures="0" timestamp="16 May 2019 16:11:40 GMT" time="0.054" errors="0">
  <testcase name="Div" time="0.011" classname="com.qa.tests.DemoTest1"/>
  <testcase name="Multiply" time="0.002" classname="com.qa.tests.DemoTest1"/>
  <testcase name="Sub" time="0.002" classname="com.qa.tests.DemoTest1"/>
  <testcase name="Sum" time="0.002" classname="com.qa.tests.DemoTest1"/>
  <testcase name="Div" time="0.001" classname="com.qa.tests.DemoTest2"/>
  <testcase name="Multiply" time="0.001" classname="com.qa.tests.DemoTest2"/>
  <testcase name="Sub" time="0.001" classname="com.qa.tests.DemoTest2"/>
  <testcase name="Sum" time="0.001" classname="com.qa.tests.DemoTest2"/>
  <testcase name="Div" time="0.001" classname="com.qa.tests.DemoTest"/>
  <testcase name="Multiply" time="0.002" classname="com.qa.tests.DemoTest"/>
  <testcase name="Sub" time="0.001" classname="com.qa.tests.DemoTest"/>
  <testcase name="Sum" time="0.001" classname="com.qa.tests.DemoTest"/>
</testsuite> <!-- Test -->
