<?xml version="1.0" encoding="UTF-8"?>
<!-- Generated by org.testng.reporters.JUnitXMLReporter -->
<testsuite hostname="m-C02S6BX4G8WN" ignored="0" name="Test" tests="12" failures="0" timestamp="16 May 2019 19:23:37 GMT" time="0.079" errors="0">
  <testcase name="Div" time="0.019" classname="com.qa.tests.DemoTest"/>
  <testcase name="Multiply" time="0.0" classname="com.qa.tests.DemoTest"/>
  <testcase name="Sub" time="0.0" classname="com.qa.tests.DemoTest"/>
  <testcase name="Sum" time="0.001" classname="com.qa.tests.DemoTest"/>
  <testcase name="Div" time="0.001" classname="com.qa.tests.DemoTest1"/>
  <testcase name="Multiply" time="0.001" classname="com.qa.tests.DemoTest1"/>
  <testcase name="Sub" time="0.0" classname="com.qa.tests.DemoTest1"/>
  <testcase name="Sum" time="0.0" classname="com.qa.tests.DemoTest1"/>
  <testcase name="Div" time="0.0" classname="com.qa.tests.DemoTest2"/>
  <testcase name="Multiply" time="0.0" classname="com.qa.tests.DemoTest2"/>
  <testcase name="Sub" time="0.001" classname="com.qa.tests.DemoTest2"/>
  <testcase name="Sum" time="0.0" classname="com.qa.tests.DemoTest2"/>
</testsuite> <!-- Test -->
