<?xml version="1.0" encoding="UTF-8"?>
<testng-results skipped="0" failed="0" ignored="0" total="12" passed="12">
  <reporter-output>
  </reporter-output>
  <suite name="Suite" duration-ms="79" started-at="2019-05-16T19:23:35Z" finished-at="2019-05-16T19:23:35Z">
    <groups>
    </groups>
    <test name="Test" duration-ms="79" started-at="2019-05-16T19:23:35Z" finished-at="2019-05-16T19:23:35Z">
      <class name="com.qa.tests.DemoTest">
        <test-method status="PASS" signature="Div()[pri:0, instance:com.qa.tests.DemoTest@7e0babb1]" name="Div" duration-ms="19" started-at="2019-05-16T19:23:35Z" finished-at="2019-05-16T19:23:35Z">
          <reporter-output>
          </reporter-output>
        </test-method> <!-- Div -->
        <test-method status="PASS" signature="Multiply()[pri:0, instance:com.qa.tests.DemoTest@7e0babb1]" name="Multiply" duration-ms="0" started-at="2019-05-16T19:23:35Z" finished-at="2019-05-16T19:23:35Z">
          <reporter-output>
          </reporter-output>
        </test-method> <!-- Multiply -->
        <test-method status="PASS" signature="Sub()[pri:0, instance:com.qa.tests.DemoTest@7e0babb1]" name="Sub" duration-ms="0" started-at="2019-05-16T19:23:35Z" finished-at="2019-05-16T19:23:35Z">
          <reporter-output>
          </reporter-output>
        </test-method> <!-- Sub -->
        <test-method status="PASS" signature="Sum()[pri:0, instance:com.qa.tests.DemoTest@7e0babb1]" name="Sum" duration-ms="1" started-at="2019-05-16T19:23:35Z" finished-at="2019-05-16T19:23:35Z">
          <reporter-output>
          </reporter-output>
        </test-method> <!-- Sum -->
      </class> <!-- com.qa.tests.DemoTest -->
      <class name="com.qa.tests.DemoTest1">
        <test-method status="PASS" signature="Div()[pri:0, instance:com.qa.tests.DemoTest1@6debcae2]" name="Div" duration-ms="1" started-at="2019-05-16T19:23:35Z" finished-at="2019-05-16T19:23:35Z">
          <reporter-output>
          </reporter-output>
        </test-method> <!-- Div -->
        <test-method status="PASS" signature="Multiply()[pri:0, instance:com.qa.tests.DemoTest1@6debcae2]" name="Multiply" duration-ms="1" started-at="2019-05-16T19:23:35Z" finished-at="2019-05-16T19:23:35Z">
          <reporter-output>
          </reporter-output>
        </test-method> <!-- Multiply -->
        <test-method status="PASS" signature="Sub()[pri:0, instance:com.qa.tests.DemoTest1@6debcae2]" name="Sub" duration-ms="0" started-at="2019-05-16T19:23:35Z" finished-at="2019-05-16T19:23:35Z">
          <reporter-output>
          </reporter-output>
        </test-method> <!-- Sub -->
        <test-method status="PASS" signature="Sum()[pri:0, instance:com.qa.tests.DemoTest1@6debcae2]" name="Sum" duration-ms="0" started-at="2019-05-16T19:23:35Z" finished-at="2019-05-16T19:23:35Z">
          <reporter-output>
          </reporter-output>
        </test-method> <!-- Sum -->
      </class> <!-- com.qa.tests.DemoTest1 -->
      <class name="com.qa.tests.DemoTest2">
        <test-method status="PASS" signature="Div()[pri:0, instance:com.qa.tests.DemoTest2@5ba23b66]" name="Div" duration-ms="0" started-at="2019-05-16T19:23:35Z" finished-at="2019-05-16T19:23:35Z">
          <reporter-output>
          </reporter-output>
        </test-method> <!-- Div -->
        <test-method status="PASS" signature="Sub()[pri:0, instance:com.qa.tests.DemoTest2@5ba23b66]" name="Sub" duration-ms="1" started-at="2019-05-16T19:23:35Z" finished-at="2019-05-16T19:23:35Z">
          <reporter-output>
          </reporter-output>
        </test-method> <!-- Sub -->
        <test-method status="PASS" signature="Multiply()[pri:0, instance:com.qa.tests.DemoTest2@5ba23b66]" name="Multiply" duration-ms="0" started-at="2019-05-16T19:23:35Z" finished-at="2019-05-16T19:23:35Z">
          <reporter-output>
          </reporter-output>
        </test-method> <!-- Multiply -->
        <test-method status="PASS" signature="Sum()[pri:0, instance:com.qa.tests.DemoTest2@5ba23b66]" name="Sum" duration-ms="0" started-at="2019-05-16T19:23:35Z" finished-at="2019-05-16T19:23:35Z">
          <reporter-output>
          </reporter-output>
        </test-method> <!-- Sum -->
      </class> <!-- com.qa.tests.DemoTest2 -->
    </test> <!-- Test -->
  </suite> <!-- Suite -->
</testng-results>
